{"target": -0.014625211863054169, "params": {"bufferSize": 225106.6014107722, "nCPU": 18.40648986884316}, "datetime": {"datetime": "2019-03-01 01:03:18", "elapsed": 0.0, "delta": 0.0}}
{"target": -0.022871209134658177, "params": {"bufferSize": 100034.31244520347, "nCPU": 10.046651452636794}, "datetime": {"datetime": "2019-03-01 01:03:18", "elapsed": 0.002059, "delta": 0.002059}}
{"target": -0.027921640006480394, "params": {"bufferSize": 144026.76724513393, "nCPU": 5.846771895375956}, "datetime": {"datetime": "2019-03-01 01:03:18", "elapsed": 0.002726, "delta": 0.000667}}
{"target": -0.02838804729834751, "params": {"bufferSize": 399997.0853371403, "nCPU": 18.986798865144756}, "datetime": {"datetime": "2019-03-01 01:03:18", "elapsed": 0.003294, "delta": 0.000568}}
{"target": -0.029125559437606068, "params": {"bufferSize": 315438.9894077409, "nCPU": 6.172884308559171}, "datetime": {"datetime": "2019-03-01 01:03:18", "elapsed": 0.003696, "delta": 0.000402}}
{"target": -0.03761140042157085, "params": {"bufferSize": 270424.1575962637, "nCPU": 4.902566084317025}, "datetime": {"datetime": "2019-03-01 02:39:01", "elapsed": 5742.706477, "delta": 5742.702781}}
{"target": -0.018437896867593128, "params": {"bufferSize": 361291.11291243625, "nCPU": 21.29980411773307}, "datetime": {"datetime": "2019-03-01 03:05:35", "elapsed": 7336.851857, "delta": 1594.14538}}
{"target": -0.019941648164833032, "params": {"bufferSize": 184607.39863863384, "nCPU": 23.751910916717836}, "datetime": {"datetime": "2019-03-01 03:34:19", "elapsed": 9061.104713, "delta": 1724.252856}}
{"target": -0.019516123933372674, "params": {"bufferSize": 119865.23285604262, "nCPU": 22.64278171987041}, "datetime": {"datetime": "2019-03-01 04:02:27", "elapsed": 10748.895993, "delta": 1687.79128}}
{"target": -0.03380181403071792, "params": {"bufferSize": 338804.3706583222, "nCPU": 4.483129097916759}, "datetime": {"datetime": "2019-03-01 04:51:09", "elapsed": 13671.119317, "delta": 2922.223324}}
{"target": -0.020039683530728023, "params": {"bufferSize": 246731.13409972732, "nCPU": 23.532459548095055}, "datetime": {"datetime": "2019-03-01 05:20:03", "elapsed": 15404.680107, "delta": 1733.56079}}
{"target": -0.03454155749192944, "params": {"bufferSize": 382756.6866193894, "nCPU": 7.3253783755824}, "datetime": {"datetime": "2019-03-01 06:09:50", "elapsed": 18391.220856, "delta": 2986.540749}}
{"target": -0.03597499065928989, "params": {"bufferSize": 203913.2231799139, "nCPU": 4.874200808409615}, "datetime": {"datetime": "2019-03-01 07:01:40", "elapsed": 21501.650062, "delta": 3110.429206}}
{"target": -0.02007499695100166, "params": {"bufferSize": 234255.54368112446, "nCPU": 19.339583239026357}, "datetime": {"datetime": "2019-03-01 07:30:36", "elapsed": 23237.710007, "delta": 1736.059945}}
{"target": -0.04594334590766165, "params": {"bufferSize": 164996.19077296596, "nCPU": 23.911077888418944}, "datetime": {"datetime": "2019-03-01 08:36:48", "elapsed": 27209.841765, "delta": 3972.131758}}
{"target": -0.020514921101707, "params": {"bufferSize": 294515.3024677688, "nCPU": 23.587800021874283}, "datetime": {"datetime": "2019-03-01 09:06:23", "elapsed": 28984.977683, "delta": 1775.135918}}
{"target": -0.01638162052741757, "params": {"bufferSize": 131316.96337478817, "nCPU": 22.855294981325738}, "datetime": {"datetime": "2019-03-01 09:30:01", "elapsed": 30403.089501, "delta": 1418.111818}}
{"target": -0.03898356862366199, "params": {"bufferSize": 351617.08414045937, "nCPU": 4.700846057510955}, "datetime": {"datetime": "2019-03-01 10:26:12", "elapsed": 33774.02463, "delta": 3370.935129}}
