{"target": -0.018766008300913704, "params": {"bufferSize": 225106.6014107722, "nCPU": 18.40648986884316}, "datetime": {"datetime": "2019-02-26 01:45:27", "elapsed": 0.0, "delta": 0.0}}
{"target": -0.019383517492700505, "params": {"bufferSize": 100034.31244520347, "nCPU": 10.046651452636794}, "datetime": {"datetime": "2019-02-26 01:45:27", "elapsed": 0.005843, "delta": 0.005843}}
{"target": -0.018062974890625035, "params": {"bufferSize": 399997.0853371403, "nCPU": 18.986798865144756}, "datetime": {"datetime": "2019-02-26 01:45:27", "elapsed": 0.00657, "delta": 0.000727}}
{"target": -0.028019910813481718, "params": {"bufferSize": 313560.076556829, "nCPU": 7.580768733310351}, "datetime": {"datetime": "2019-02-26 01:45:27", "elapsed": 0.007107, "delta": 0.000537}}
{"target": -0.019795177057385444, "params": {"bufferSize": 160644.99143978467, "nCPU": 6.494381493166317}, "datetime": {"datetime": "2019-02-26 01:45:27", "elapsed": 0.007617, "delta": 0.00051}}
{"target": -0.019344501208376, "params": {"bufferSize": 358493.44079395256, "nCPU": 17.350001378957273}, "datetime": {"datetime": "2019-02-26 01:45:27", "elapsed": 0.008111, "delta": 0.000494}}
{"target": -0.018236726160954547, "params": {"bufferSize": 267674.45470057544, "nCPU": 21.665055381518147}, "datetime": {"datetime": "2019-02-26 01:45:27", "elapsed": 0.008636, "delta": 0.000525}}
{"target": -0.016428549182083873, "params": {"bufferSize": 128548.90758205875, "nCPU": 22.751731445538333}, "datetime": {"datetime": "2019-02-26 01:45:27", "elapsed": 0.009134, "delta": 0.000498}}
{"target": -0.01805004624856843, "params": {"bufferSize": 193794.7220062767, "nCPU": 20.016346896057893}, "datetime": {"datetime": "2019-02-26 01:45:27", "elapsed": 0.009643, "delta": 0.000509}}
{"target": -0.020672846935965397, "params": {"bufferSize": 380859.2137611649, "nCPU": 4.724183459924266}, "datetime": {"datetime": "2019-02-26 01:45:27", "elapsed": 0.010151, "delta": 0.000508}}
{"target": -0.018647291207755053, "params": {"bufferSize": 290143.9226432345, "nCPU": 22.71320453528003}, "datetime": {"datetime": "2019-02-26 02:15:14", "elapsed": 1787.27951, "delta": 1787.269359}}
{"target": -0.021160280817636736, "params": {"bufferSize": 245682.65147660606, "nCPU": 4.17072824119264}, "datetime": {"datetime": "2019-02-26 02:45:44", "elapsed": 3616.905591, "delta": 1829.626081}}
{"target": -0.01808450967349388, "params": {"bufferSize": 336703.64413973346, "nCPU": 23.97919229712282}, "datetime": {"datetime": "2019-02-26 03:11:48", "elapsed": 5181.119637, "delta": 1564.214046}}
{"target": -0.022402255187431972, "params": {"bufferSize": 113075.44156699347, "nCPU": 4.203616350631393}, "datetime": {"datetime": "2019-02-26 03:44:06", "elapsed": 7119.22072, "delta": 1938.101083}}
{"target": -0.018294734038688518, "params": {"bufferSize": 177446.34152103384, "nCPU": 22.175442797943134}, "datetime": {"datetime": "2019-02-26 04:10:28", "elapsed": 8701.861039, "delta": 1582.640319}}
