{"target": -0.06250480138041355, "params": {"nct": 14.672352075241184, "threadsGC": 19.525191895074528}, "datetime": {"datetime": "2019-02-26 14:29:08", "elapsed": 0.0, "delta": 0.0}}
{"target": -0.10052032164953373, "params": {"nct": 8.001829997077518, "threadsGC": 12.837321162109436}, "datetime": {"datetime": "2019-02-26 14:29:08", "elapsed": 0.008338, "delta": 0.008338}}
{"target": -0.044730246569271444, "params": {"nct": 24.0, "threadsGC": 8.0}, "datetime": {"datetime": "2019-02-26 14:29:08", "elapsed": 0.009266, "delta": 0.000928}}
{"target": -0.04464120453706494, "params": {"nct": 24.0, "threadsGC": 23.99999999995358}, "datetime": {"datetime": "2019-02-26 14:29:08", "elapsed": 0.009649, "delta": 0.000383}}
{"target": -0.04511489470523817, "params": {"nct": 23.995688795836475, "threadsGC": 15.912896463423394}, "datetime": {"datetime": "2019-02-26 14:29:08", "elapsed": 0.009913, "delta": 0.000264}}
{"target": -0.0450116624434789, "params": {"nct": 24.0, "threadsGC": 24.0}, "datetime": {"datetime": "2019-02-26 15:42:16", "elapsed": 4387.664345, "delta": 4387.654432}}
{"target": -0.04548293333638597, "params": {"nct": 23.992041892347736, "threadsGC": 8.17210672833578}, "datetime": {"datetime": "2019-02-26 16:47:52", "elapsed": 8324.150486, "delta": 3936.486141}}
{"target": -0.04512238883861789, "params": {"nct": 23.99845669542885, "threadsGC": 18.669095042059123}, "datetime": {"datetime": "2019-02-26 17:52:57", "elapsed": 12229.579172, "delta": 3905.428686}}
{"target": -0.04468572266123913, "params": {"nct": 23.99826736179031, "threadsGC": 12.773122921277016}, "datetime": {"datetime": "2019-02-26 18:57:26", "elapsed": 16097.659872, "delta": 3868.0807}}
{"target": -0.044288721288795824, "params": {"nct": 23.969339364871097, "threadsGC": 23.976210777857638}, "datetime": {"datetime": "2019-02-26 20:01:19", "elapsed": 19931.150929, "delta": 3833.491057}}
{"target": -0.045350728644816964, "params": {"nct": 23.999862992553222, "threadsGC": 23.96682558817785}, "datetime": {"datetime": "2019-02-26 21:06:45", "elapsed": 23856.975838, "delta": 3925.824909}}
{"target": -0.045248105614273636, "params": {"nct": 23.992748890207736, "threadsGC": 12.73975438327015}, "datetime": {"datetime": "2019-02-26 22:12:01", "elapsed": 27773.329882, "delta": 3916.354044}}
