{"target": -0.018766008300913704, "params": {"bufferSize": 225106.6014107722, "nCPU": 18.40648986884316}, "datetime": {"datetime": "2019-02-12 08:28:45", "elapsed": 0.0, "delta": 0.0}}
{"target": -0.019383517492700505, "params": {"bufferSize": 100034.31244520347, "nCPU": 10.046651452636794}, "datetime": {"datetime": "2019-02-12 08:56:40", "elapsed": 1675.16235, "delta": 1675.16235}}
{"target": -0.018062974890625035, "params": {"bufferSize": 399997.0853371403, "nCPU": 18.986798865144756}, "datetime": {"datetime": "2019-02-12 09:22:41", "elapsed": 3236.287809, "delta": 1561.125459}}
{"target": -0.028019910813481718, "params": {"bufferSize": 313560.076556829, "nCPU": 7.580768733310351}, "datetime": {"datetime": "2019-02-12 10:03:03", "elapsed": 5657.749816, "delta": 2421.462007}}
{"target": -0.019795177057385444, "params": {"bufferSize": 160644.99143978467, "nCPU": 6.494381493166317}, "datetime": {"datetime": "2019-02-12 10:31:34", "elapsed": 7369.041075, "delta": 1711.291259}}
